This is pdfTeX, Version 3.1415926-2.4-1.40.13 (TeX Live 2012) (format=pdflatex 2013.4.30)  14 MAY 2013 19:12
entering extended mode
 restricted \write18 enabled.
 %&-line parsing enabled.
**"Cheat Sheet.tex"
(./Cheat Sheet.tex
LaTeX2e <2011/06/27>
Babel <v3.8m> and hyphenation patterns for english, dumylang, nohyphenation, ge
rman-x-2012-05-30, ngerman-x-2012-05-30, afrikaans, ancientgreek, ibycus, arabi
c, armenian, basque, bulgarian, catalan, pinyin, coptic, croatian, czech, danis
h, dutch, ukenglish, usenglishmax, esperanto, estonian, ethiopic, farsi, finnis
h, french, friulan, galician, german, ngerman, swissgerman, monogreek, greek, h
ungarian, icelandic, assamese, bengali, gujarati, hindi, kannada, malayalam, ma
rathi, oriya, panjabi, tamil, telugu, indonesian, interlingua, irish, italian, 
kurmanji, latin, latvian, lithuanian, mongolian, mongolianlmc, bokmal, nynorsk,
 piedmontese, polish, portuguese, romanian, romansh, russian, sanskrit, serbian
, serbianc, slovak, slovenian, spanish, swedish, turkish, turkmen, ukrainian, u
ppersorbian, welsh, loaded.

(/.autofs/system/koko_system/texlive_2012/texmf-dist/tex/latex/base/article.cls
Document Class: article 2007/10/19 v1.4h Standard LaTeX document class
(/.autofs/system/koko_system/texlive_2012/texmf-dist/tex/latex/base/size10.clo
File: size10.clo 2007/10/19 v1.4h Standard LaTeX file (size option)
)
\c@part=\count79
\c@section=\count80
\c@subsection=\count81
\c@subsubsection=\count82
\c@paragraph=\count83
\c@subparagraph=\count84
\c@figure=\count85
\c@table=\count86
\abovecaptionskip=\skip41
\belowcaptionskip=\skip42
\bibindent=\dimen102
)
(/.autofs/system/koko_system/texlive_2012/texmf-dist/tex/latex/tools/multicol.s
ty
Package: multicol 2011/06/27 v1.7a multicolumn formatting (FMi)
\c@tracingmulticols=\count87
\mult@box=\box26
\multicol@leftmargin=\dimen103
\c@unbalance=\count88
\c@collectmore=\count89
\doublecol@number=\count90
\multicoltolerance=\count91
\multicolpretolerance=\count92
\full@width=\dimen104
\page@free=\dimen105
\premulticols=\dimen106
\postmulticols=\dimen107
\multicolsep=\skip43
\multicolbaselineskip=\skip44
\partial@page=\box27
\last@line=\box28
\mult@rightbox=\box29
\mult@grightbox=\box30
\mult@gfirstbox=\box31
\mult@firstbox=\box32
\@tempa=\box33
\@tempa=\box34
\@tempa=\box35
\@tempa=\box36
\@tempa=\box37
\@tempa=\box38
\@tempa=\box39
\@tempa=\box40
\@tempa=\box41
\@tempa=\box42
\@tempa=\box43
\@tempa=\box44
\@tempa=\box45
\@tempa=\box46
\@tempa=\box47
\@tempa=\box48
\@tempa=\box49
\c@columnbadness=\count93
\c@finalcolumnbadness=\count94
\last@try=\dimen108
\multicolovershoot=\dimen109
\multicolundershoot=\dimen110
\mult@nat@firstbox=\box50
\colbreak@box=\box51
\multicol@sort@counter=\count95
)
(/.autofs/system/koko_system/texlive_2012/texmf-dist/tex/latex/tools/calc.sty
Package: calc 2007/08/22 v4.3 Infix arithmetic (KKT,FJ)
\calc@Acount=\count96
\calc@Bcount=\count97
\calc@Adimen=\dimen111
\calc@Bdimen=\dimen112
\calc@Askip=\skip45
\calc@Bskip=\skip46
LaTeX Info: Redefining \setlength on input line 76.
LaTeX Info: Redefining \addtolength on input line 77.
\calc@Ccount=\count98
\calc@Cskip=\skip47
)
(/.autofs/system/koko_system/texlive_2012/texmf-dist/tex/latex/setspace/setspac
e.sty
Package: setspace 2011/12/19 v6.7a set line spacing
)
(/.autofs/system/koko_system/texlive_2012/texmf-dist/tex/latex/base/ifthen.sty
Package: ifthen 2001/05/26 v1.1c Standard LaTeX ifthen package (DPC)
)
(/.autofs/system/koko_system/texlive_2012/texmf-dist/tex/latex/geometry/geometr
y.sty
Package: geometry 2010/09/12 v5.6 Page Geometry

(/.autofs/system/koko_system/texlive_2012/texmf-dist/tex/latex/graphics/keyval.
sty
Package: keyval 1999/03/16 v1.13 key=value parser (DPC)
\KV@toks@=\toks14
)
(/.autofs/system/koko_system/texlive_2012/texmf-dist/tex/generic/oberdiek/ifpdf
.sty
Package: ifpdf 2011/01/30 v2.3 Provides the ifpdf switch (HO)
Package ifpdf Info: pdfTeX in PDF mode is detected.
)
(/.autofs/system/koko_system/texlive_2012/texmf-dist/tex/generic/oberdiek/ifvte
x.sty
Package: ifvtex 2010/03/01 v1.5 Detect VTeX and its facilities (HO)
Package ifvtex Info: VTeX not detected.
)
(/.autofs/system/koko_system/texlive_2012/texmf-dist/tex/generic/ifxetex/ifxete
x.sty
Package: ifxetex 2010/09/12 v0.6 Provides ifxetex conditional
)
\Gm@cnth=\count99
\Gm@cntv=\count100
\c@Gm@tempcnt=\count101
\Gm@bindingoffset=\dimen113
\Gm@wd@mp=\dimen114
\Gm@odd@mp=\dimen115
\Gm@even@mp=\dimen116
\Gm@layoutwidth=\dimen117
\Gm@layoutheight=\dimen118
\Gm@layouthoffset=\dimen119
\Gm@layoutvoffset=\dimen120
\Gm@dimlist=\toks15
)
(/.autofs/system/koko_system/texlive_2012/texmf-dist/tex/latex/graphics/graphic
x.sty
Package: graphicx 1999/02/16 v1.0f Enhanced LaTeX Graphics (DPC,SPQR)

(/.autofs/system/koko_system/texlive_2012/texmf-dist/tex/latex/graphics/graphic
s.sty
Package: graphics 2009/02/05 v1.0o Standard LaTeX Graphics (DPC,SPQR)

(/.autofs/system/koko_system/texlive_2012/texmf-dist/tex/latex/graphics/trig.st
y
Package: trig 1999/03/16 v1.09 sin cos tan (DPC)
)
(/.autofs/system/koko_system/texlive_2012/texmf-dist/tex/latex/latexconfig/grap
hics.cfg
File: graphics.cfg 2010/04/23 v1.9 graphics configuration of TeX Live
)
Package graphics Info: Driver file: pdftex.def on input line 91.

(/.autofs/system/koko_system/texlive_2012/texmf-dist/tex/latex/pdftex-def/pdfte
x.def
File: pdftex.def 2011/05/27 v0.06d Graphics/color for pdfTeX

(/.autofs/system/koko_system/texlive_2012/texmf-dist/tex/generic/oberdiek/infwa
rerr.sty
Package: infwarerr 2010/04/08 v1.3 Providing info/warning/error messages (HO)
)
(/.autofs/system/koko_system/texlive_2012/texmf-dist/tex/generic/oberdiek/ltxcm
ds.sty
Package: ltxcmds 2011/11/09 v1.22 LaTeX kernel commands for general use (HO)
)
\Gread@gobject=\count102
))
\Gin@req@height=\dimen121
\Gin@req@width=\dimen122
) (./Cheat Sheet.aux)
\openout1 = `"Cheat Sheet.aux"'.

LaTeX Font Info:    Checking defaults for OML/cmm/m/it on input line 79.
LaTeX Font Info:    ... okay on input line 79.
LaTeX Font Info:    Checking defaults for T1/cmr/m/n on input line 79.
LaTeX Font Info:    ... okay on input line 79.
LaTeX Font Info:    Checking defaults for OT1/cmr/m/n on input line 79.
LaTeX Font Info:    ... okay on input line 79.
LaTeX Font Info:    Checking defaults for OMS/cmsy/m/n on input line 79.
LaTeX Font Info:    ... okay on input line 79.
LaTeX Font Info:    Checking defaults for OMX/cmex/m/n on input line 79.
LaTeX Font Info:    ... okay on input line 79.
LaTeX Font Info:    Checking defaults for U/cmr/m/n on input line 79.
LaTeX Font Info:    ... okay on input line 79.

*geometry* driver: auto-detecting
*geometry* detected driver: pdftex
*geometry* verbose mode - [ preamble ] result:
* driver: pdftex
* paper: <default>
* layout: <same size as paper>
* layoutoffset:(h,v)=(0.0pt,0.0pt)
* modes: landscape 
* h-part:(L,W,R)=(14.45377pt, 766.06245pt, 14.45377pt)
* v-part:(T,H,B)=(14.45377pt, 585.38747pt, 14.45377pt)
* \paperwidth=794.96999pt
* \paperheight=614.295pt
* \textwidth=766.06245pt
* \textheight=585.38747pt
* \oddsidemargin=-57.81622pt
* \evensidemargin=-57.81622pt
* \topmargin=-94.81622pt
* \headheight=12.0pt
* \headsep=25.0pt
* \topskip=10.0pt
* \footskip=30.0pt
* \marginparwidth=144.0pt
* \marginparsep=11.0pt
* \columnsep=10.0pt
* \skip\footins=9.0pt plus 4.0pt minus 2.0pt
* \hoffset=0.0pt
* \voffset=0.0pt
* \mag=1000
* \@twocolumnfalse
* \@twosidefalse
* \@mparswitchfalse
* \@reversemarginfalse
* (1in=72.27pt=25.4mm, 1cm=28.453pt)


(/.autofs/system/koko_system/texlive_2012/texmf-dist/tex/context/base/supp-pdf.
mkii
[Loading MPS to PDF converter (version 2006.09.02).]
\scratchcounter=\count103
\scratchdimen=\dimen123
\scratchbox=\box52
\nofMPsegments=\count104
\nofMParguments=\count105
\everyMPshowfont=\toks16
\MPscratchCnt=\count106
\MPscratchDim=\dimen124
\MPnumerator=\count107
\makeMPintoPDFobject=\count108
\everyMPtoPDFconversion=\toks17
)
(/.autofs/system/koko_system/texlive_2012/texmf-dist/tex/generic/oberdiek/pdfte
xcmds.sty
Package: pdftexcmds 2011/11/29 v0.20 Utility functions of pdfTeX for LuaTeX (HO
)

(/.autofs/system/koko_system/texlive_2012/texmf-dist/tex/generic/oberdiek/iflua
tex.sty
Package: ifluatex 2010/03/01 v1.3 Provides the ifluatex switch (HO)
Package ifluatex Info: LuaTeX not detected.
)
Package pdftexcmds Info: LuaTeX not detected.
Package pdftexcmds Info: \pdf@primitive is available.
Package pdftexcmds Info: \pdf@ifprimitive is available.
Package pdftexcmds Info: \pdfdraftmode found.
)
(/.autofs/system/koko_system/texlive_2012/texmf-dist/tex/latex/oberdiek/epstopd
f-base.sty
Package: epstopdf-base 2010/02/09 v2.5 Base part for package epstopdf

(/.autofs/system/koko_system/texlive_2012/texmf-dist/tex/latex/oberdiek/grfext.
sty
Package: grfext 2010/08/19 v1.1 Manage graphics extensions (HO)

(/.autofs/system/koko_system/texlive_2012/texmf-dist/tex/generic/oberdiek/kvdef
inekeys.sty
Package: kvdefinekeys 2011/04/07 v1.3 Define keys (HO)
))
(/.autofs/system/koko_system/texlive_2012/texmf-dist/tex/latex/oberdiek/kvoptio
ns.sty
Package: kvoptions 2011/06/30 v3.11 Key value format for package options (HO)

(/.autofs/system/koko_system/texlive_2012/texmf-dist/tex/generic/oberdiek/kvset
keys.sty
Package: kvsetkeys 2012/04/25 v1.16 Key value parser (HO)

(/.autofs/system/koko_system/texlive_2012/texmf-dist/tex/generic/oberdiek/etexc
mds.sty
Package: etexcmds 2011/02/16 v1.5 Avoid name clashes with e-TeX commands (HO)
Package etexcmds Info: Could not find \expanded.
(etexcmds)             That can mean that you are not using pdfTeX 1.50 or
(etexcmds)             that some package has redefined \expanded.
(etexcmds)             In the latter case, load this package earlier.
)))
Package grfext Info: Graphics extension search list:
(grfext)             [.png,.pdf,.jpg,.mps,.jpeg,.jbig2,.jb2,.PNG,.PDF,.JPG,.JPE
G,.JBIG2,.JB2,.eps]
(grfext)             \AppendGraphicsExtensions on input line 452.

(/.autofs/system/koko_system/texlive_2012/texmf-dist/tex/latex/latexconfig/epst
opdf-sys.cfg
File: epstopdf-sys.cfg 2010/07/13 v1.3 Configuration of (r)epstopdf for TeX Liv
e
))
LaTeX Font Info:    External font `cmex10' loaded for size
(Font)              <8> on input line 104.
LaTeX Font Info:    External font `cmex10' loaded for size
(Font)              <6> on input line 104.
LaTeX Font Info:    External font `cmex10' loaded for size
(Font)              <5> on input line 104.
 <pip.png, id=1, 240.9pt x 152.57pt>
File: pip.png Graphic file (type png)
 <use pip.png>
Package pdftex.def Info: pip.png used on input line 144.
(pdftex.def)             Requested size: 216.80798pt x 137.31172pt.
Missing character: There is no ‚ in font cmr8!
Missing character: There is no Ä in font cmr8!
Missing character: There is no î in font cmr8!
 [1

{/.autofs/system/koko_system/texlive_2012/texmf-var/fonts/map/pdftex/updmap/pdf
tex.map} <./pip.png>]
Underfull \hbox (badness 10000) in paragraph at lines 277--277
[]\OT1/cmtt/m/n/8 and,
 []

Missing character: There is no ‚ in font cmtt8!
Missing character: There is no à in font cmtt8!
Missing character: There is no í in font cmtt8!
<reg.png, id=17, 1319.93124pt x 804.00375pt>
File: reg.png Graphic file (type png)
 <use reg.png>
Package pdftex.def Info: reg.png used on input line 300.
(pdftex.def)             Requested size: 230.99142pt x 140.70276pt.

<kar.png, id=18, 803.0pt x 481.8pt>
File: kar.png Graphic file (type png)
 <use kar.png>
Package pdftex.def Info: kar.png used on input line 304.
(pdftex.def)             Requested size: 240.90186pt x 144.5411pt.
Missing character: There is no ‚ in font cmr8!
Missing character: There is no Ä in font cmr8!
Missing character: There is no ú in font cmr8!
Missing character: There is no ‚ in font cmr8!
Missing character: There is no Ä in font cmr8!
Missing character: There is no ù in font cmr8!

<log.png, id=19, 786.94pt x 251.94125pt>
File: log.png Graphic file (type png)
 <use log.png>
Package pdftex.def Info: log.png used on input line 312.
(pdftex.def)             Requested size: 236.08382pt x 75.58295pt.
Missing character: There is no ‚ in font cmr8!
Missing character: There is no à in font cmr8!
Missing character: There is no í in font cmr8!
Missing character: There is no ‚ in font cmr8!
Missing character: There is no Ä in font cmr8!
Missing character: There is no ô in font cmr8!
 [2 <./reg.png> <./kar.png> <./log.png>] (./Cheat Sheet.aux) ) 
Here is how much of TeX's memory you used:
 2236 strings out of 493481
 33579 string characters out of 3140986
 133221 words of memory out of 3000000
 5524 multiletter control sequences out of 15000+200000
 7810 words of font info for 28 fonts, out of 3000000 for 9000
 957 hyphenation exceptions out of 8191
 37i,8n,23p,433b,431s stack positions out of 5000i,500n,10000p,200000b,50000s
</.autofs/system/
koko_system/texlive_2012/texmf-dist/fonts/type1/public/amsfonts/cm/cmbx10.pfb><
/.autofs/system/koko_system/texlive_2012/texmf-dist/fonts/type1/public/amsfonts
/cm/cmbx12.pfb></.autofs/system/koko_system/texlive_2012/texmf-dist/fonts/type1
/public/amsfonts/cm/cmbx8.pfb></.autofs/system/koko_system/texlive_2012/texmf-d
ist/fonts/type1/public/amsfonts/cm/cmmi6.pfb></.autofs/system/koko_system/texli
ve_2012/texmf-dist/fonts/type1/public/amsfonts/cm/cmmi8.pfb></.autofs/system/ko
ko_system/texlive_2012/texmf-dist/fonts/type1/public/amsfonts/cm/cmr8.pfb></.au
tofs/system/koko_system/texlive_2012/texmf-dist/fonts/type1/public/amsfonts/cm/
cmsy8.pfb></.autofs/system/koko_system/texlive_2012/texmf-dist/fonts/type1/publ
ic/amsfonts/cm/cmti8.pfb></.autofs/system/koko_system/texlive_2012/texmf-dist/f
onts/type1/public/amsfonts/cm/cmtt8.pfb>
Output written on "Cheat Sheet.pdf" (2 pages, 220941 bytes).
PDF statistics:
 56 PDF objects out of 1000 (max. 8388607)
 34 compressed objects within 1 object stream
 0 named destinations out of 1000 (max. 500000)
 21 words of extra memory for PDF output out of 10000 (max. 10000000)

